<?xml version='1.0'?>
<ns2:test-suite xmlns:ns2='urn:model.allure.qatools.yandex.ru' start='1747078316775' stop='1747078322819'>
    <name>Livestream Player:</name>
    <title>Livestream Player:</title>
    <test-cases>
        <test-case start='1747078316776' status='failed' stop='1747078319637'>
            <name>Validate Player is visible in Livestream Player</name>
            <title>Validate Player is visible in Livestream Player</title>
            <labels>
                <label name='language' value='javascript'/>
                <label name='framework' value='codeceptjs'/>
            </labels>
            <parameters/>
            <steps/>
            <attachments>
                <attachment title='Main session - Last Seen Screenshot' source='4d0e338c-66c5-4d1e-8e04-98b9de9592e7-attachment.png' type='image/png' size='18722'/>
            </attachments>
            <failure>
                <message>Cannot destructure property 'I' of 'undefined' as it is undefined.</message>
                <stack-trace>TypeError: Cannot destructure property 'I' of 'undefined' as it is undefined.
                    at /Users/Sergey_Manukyan/test_project2/step_definitions/liveStreamPageSteps.js:24:47
                    at runSteps (/Users/Sergey_Manukyan/test_project2/node_modules/codeceptjs/lib/mocha/gherkin.js:85:15)
                    at Test.&lt;anonymous> (/Users/Sergey_Manukyan/test_project2/node_modules/codeceptjs/lib/mocha/gherkin.js:148:50)
                    at test.fn (/Users/Sergey_Manukyan/test_project2/node_modules/codeceptjs/lib/mocha/asyncWrapper.js:81:10)
                    at callFnAsync (/Users/Sergey_Manukyan/test_project2/node_modules/codeceptjs/node_modules/mocha/lib/runnable.js:392:21)
                    at Runnable.run (/Users/Sergey_Manukyan/test_project2/node_modules/codeceptjs/node_modules/mocha/lib/runnable.js:336:7)
                    at Runner.runTest (/Users/Sergey_Manukyan/test_project2/node_modules/codeceptjs/node_modules/mocha/lib/runner.js:677:10)
                    at /Users/Sergey_Manukyan/test_project2/node_modules/codeceptjs/node_modules/mocha/lib/runner.js:800:12
                    at next (/Users/Sergey_Manukyan/test_project2/node_modules/codeceptjs/node_modules/mocha/lib/runner.js:592:14)
                    at /Users/Sergey_Manukyan/test_project2/node_modules/codeceptjs/node_modules/mocha/lib/runner.js:602:7
                    at next (/Users/Sergey_Manukyan/test_project2/node_modules/codeceptjs/node_modules/mocha/lib/runner.js:485:14)
                    at cbHookRun (/Users/Sergey_Manukyan/test_project2/node_modules/codeceptjs/node_modules/mocha/lib/runner.js:550:7)
                    at done (/Users/Sergey_Manukyan/test_project2/node_modules/codeceptjs/node_modules/mocha/lib/runnable.js:308:5)
                    at /Users/Sergey_Manukyan/test_project2/node_modules/codeceptjs/node_modules/mocha/lib/runnable.js:369:11</stack-trace>
            </failure>
        </test-case>
        <test-case start='1747078320407' status='failed' stop='1747078322077'>
            <name>Validate Switch Player button is visible in Livestream Player</name>
            <title>Validate Switch Player button is visible in Livestream Player</title>
            <labels>
                <label name='language' value='javascript'/>
                <label name='framework' value='codeceptjs'/>
            </labels>
            <parameters/>
            <steps/>
            <attachments>
                <attachment title='Main session - Last Seen Screenshot' source='66b2bd7a-4967-4652-b1e2-f9b010f40e8a-attachment.png' type='image/png' size='18697'/>
            </attachments>
            <failure>
                <message>Cannot destructure property 'I' of 'undefined' as it is undefined.</message>
                <stack-trace>TypeError: Cannot destructure property 'I' of 'undefined' as it is undefined.
                    at /Users/Sergey_Manukyan/test_project2/step_definitions/liveStreamPageSteps.js:24:47
                    at runSteps (/Users/Sergey_Manukyan/test_project2/node_modules/codeceptjs/lib/mocha/gherkin.js:85:15)
                    at Test.&lt;anonymous> (/Users/Sergey_Manukyan/test_project2/node_modules/codeceptjs/lib/mocha/gherkin.js:148:50)
                    at test.fn (/Users/Sergey_Manukyan/test_project2/node_modules/codeceptjs/lib/mocha/asyncWrapper.js:81:10)
                    at callFnAsync (/Users/Sergey_Manukyan/test_project2/node_modules/codeceptjs/node_modules/mocha/lib/runnable.js:392:21)
                    at Runnable.run (/Users/Sergey_Manukyan/test_project2/node_modules/codeceptjs/node_modules/mocha/lib/runnable.js:336:7)
                    at Runner.runTest (/Users/Sergey_Manukyan/test_project2/node_modules/codeceptjs/node_modules/mocha/lib/runner.js:677:10)
                    at /Users/Sergey_Manukyan/test_project2/node_modules/codeceptjs/node_modules/mocha/lib/runner.js:800:12
                    at next (/Users/Sergey_Manukyan/test_project2/node_modules/codeceptjs/node_modules/mocha/lib/runner.js:592:14)
                    at /Users/Sergey_Manukyan/test_project2/node_modules/codeceptjs/node_modules/mocha/lib/runner.js:602:7
                    at next (/Users/Sergey_Manukyan/test_project2/node_modules/codeceptjs/node_modules/mocha/lib/runner.js:485:14)
                    at cbHookRun (/Users/Sergey_Manukyan/test_project2/node_modules/codeceptjs/node_modules/mocha/lib/runner.js:550:7)
                    at done (/Users/Sergey_Manukyan/test_project2/node_modules/codeceptjs/node_modules/mocha/lib/runnable.js:308:5)
                    at /Users/Sergey_Manukyan/test_project2/node_modules/codeceptjs/node_modules/mocha/lib/runnable.js:369:11</stack-trace>
            </failure>
        </test-case>
    </test-cases>
</ns2:test-suite>